<?xml version="1.0" encoding="UTF-8"?>
<!-- Generated by org.testng.reporters.JUnitReportReporter -->
<testsuite skipped="0" hostname="Tejaswini" name="com.billing.qa.testCases.LoginPageTest" tests="2" failures="0" timestamp="21 Sep 2018 12:01:04 GMT" time="33.699" errors="0">
  <testcase name="validateLoginTitle" time="7.526" classname="com.billing.qa.testCases.LoginPageTest"/>
  <testcase name="validateLogin" time="26.173" classname="com.billing.qa.testCases.LoginPageTest"/>
</testsuite> <!-- com.billing.qa.testCases.LoginPageTest -->
