<?xml version="1.0" encoding="UTF-8"?>
<!-- Generated by org.testng.reporters.JUnitReportReporter -->
<testsuite skipped="0" hostname="Tejaswini" name="com.billing.qa.testCases.HomePageTest" tests="1" failures="0" timestamp="21 Sep 2018 12:01:04 GMT" time="23.295" errors="0">
  <testcase name="validateHomeTitle" time="23.295" classname="com.billing.qa.testCases.HomePageTest"/>
</testsuite> <!-- com.billing.qa.testCases.HomePageTest -->
