<?xml version="1.0" encoding="UTF-8"?>
<!-- Generated by org.testng.reporters.JUnitReportReporter -->
<testsuite skipped="0" hostname="Tejaswini" name="com.billing.qa.testCases.LoginPageTest" tests="2" failures="0" timestamp="22 Sep 2018 04:59:26 GMT" time="16.995" errors="0">
  <testcase name="validateLoginTitle" time="6.709" classname="com.billing.qa.testCases.LoginPageTest"/>
  <testcase name="validateLogin" time="10.286" classname="com.billing.qa.testCases.LoginPageTest"/>
</testsuite> <!-- com.billing.qa.testCases.LoginPageTest -->
