<?xml version="1.0" encoding="UTF-8"?>
<!-- Generated by org.testng.reporters.JUnitReportReporter -->
<testsuite skipped="0" hostname="Tejaswini" name="com.billing.qa.testCases.HomePageTest" tests="1" failures="0" timestamp="22 Sep 2018 04:59:26 GMT" time="16.081" errors="0">
  <testcase name="validateHomeTitle" time="16.081" classname="com.billing.qa.testCases.HomePageTest"/>
</testsuite> <!-- com.billing.qa.testCases.HomePageTest -->
